<?xml version="1.0" encoding="UTF-8"?>
<!-- Generated by org.testng.reporters.JUnitReportReporter -->
<testsuite hostname="NB-11920-kethy-leal" failures="0" tests="2" name="executa.ExecutarIT" time="45.607" errors="0" timestamp="2022-03-16T10:36:07 BRT" skipped="0">
  <testcase classname="executa.ExecutarIT" name="runScenario" time="23.370"/>
  <system-out/>
  <testcase classname="executa.ExecutarIT" name="runScenario" time="22.237"/>
  <system-out/>
</testsuite> <!-- executa.ExecutarIT -->
