<?xml version="1.0" encoding="UTF-8"?>
<!-- Generated by org.testng.reporters.JUnitReportReporter -->
<testsuite hostname="NB-11920-kethy-leal" failures="0" tests="1" name="executa.ExecutarIT" time="18.419" errors="0" timestamp="2022-03-16T21:23:56 BRT" skipped="0">
  <testcase classname="executa.ExecutarIT" name="runScenario" time="18.419"/>
  <system-out/>
</testsuite> <!-- executa.ExecutarIT -->
