<?xml version="1.0" encoding="UTF-8"?>
<!-- Generated by org.testng.reporters.JUnitReportReporter -->
<testsuite hostname="NB-11920-kethy-leal" failures="0" tests="2" name="executa.ExecutarIT" time="40.377" errors="0" timestamp="2022-03-17T10:22:24 BRT" skipped="0">
  <testcase classname="executa.ExecutarIT" name="runScenario" time="21.503"/>
  <system-out/>
  <testcase classname="executa.ExecutarIT" name="runScenario" time="18.874"/>
  <system-out/>
</testsuite> <!-- executa.ExecutarIT -->
